a later day
about a year
about a month
about a day
appropriate
appropriately
as early as possible
as soon as
as soon as possible
at the beginning of
at the end of
beforehand
earliest
early
extended period
half a
imminent
immediately after
immediately before
in advance
in a matter of years
in a matter of months
in a matter of days
in due time
initially
later on
late
near to
no less
often
ongoing
past
periodically
previous
promptly
quickly
readily 
reasonable anticipation
reasonable time
regular
regularly
shortly before
shortly after
soon after
soon before
Shortly before
Shortly after
